<?xml version="1.0" encoding="UTF-8"?>
<testsuite xmlns:xsi="http://www.w3.org/2001/XMLSchema-instance" xsi:noNamespaceSchemaLocation="https://maven.apache.org/surefire/maven-surefire-plugin/xsd/surefire-test-report-3.0.xsd" version="3.0" name="com.fdic.tip.emailmanager.controller.DataConnectionControllerTest" time="4.495" tests="8" errors="0" skipped="0" failures="0">
  <properties>
[...]
</properties>
  <testcase name="testConnection_FailedConnection_Returns200OkWithFailureStatus" classname="com.fdic.tip.emailmanager.controller.DataConnectionControllerTest" time="0.413">
    <system-out><![CDATA[16:46:21.319 [main] INFO org.springframework.test.context.support.AnnotationConfigContextLoaderUtils -- Could not detect default configuration classes for test class [com.fdic.tip.emailmanager.controller.DataConnectionControllerTest]: DataConnectionControllerTest does not declare any static, non-private, non-final, nested classes annotated with @Configuration.
16:46:21.521 [main] INFO org.springframework.boot.test.context.SpringBootTestContextBootstrapper -- Found @SpringBootConfiguration com.fdic.tip.emailmanager.EmailManagerApplication for test class com.fdic.tip.emailmanager.controller.DataConnectionControllerTest

  .   ____          _            __ _ _
 /\\ / ___'_ __ _ _(_)_ __  __ _ \ \ \ \
( ( )\___ | '_ | '_| | '_ \/ _` | \ \ \ \
 \\/  ___)| |_)| | | | | || (_| |  ) ) ) )
  '  |____| .__|_| |_|_| |_\__, | / / / /
 =========|_|==============|___/=/_/_/_/
 :: Spring Boot ::                (v3.2.3)

2026-08-24T16:46:21.952-04:00  INFO 28712 --- [tip-email-manager-service] [           main] c.f.t.e.c.DataConnectionControllerTest   : Starting DataConnectionControllerTest using Java 17.0.11 with PID 28712 (started by ravva in C:\Temp1\tip-email-manager-data-connections\tip-email-manager)
2026-08-24T16:46:21.954-04:00  INFO 28712 --- [tip-email-manager-service] [           main] c.f.t.e.c.DataConnectionControllerTest   : The following 1 profile is active: "dev"
2026-08-24T16:46:24.776-04:00  WARN 28712 --- [tip-email-manager-service] [           main] .s.s.UserDetailsServiceAutoConfiguration : 

Using generated security password: ae3b4eba-8a0a-4143-bb9c-88b795b840e1

This generated password is for development use only. Your security configuration must be updated before running your application in production.

2026-08-24T16:46:24.945-04:00  INFO 28712 --- [tip-email-manager-service] [           main] o.s.s.web.DefaultSecurityFilterChain     : Will secure any request with [org.springframework.security.web.session.DisableEncodeUrlFilter@33399052, org.springframework.security.web.context.request.async.WebAsyncManagerIntegrationFilter@11c25846, org.springframework.security.web.context.SecurityContextHolderFilter@2dc73024, org.springframework.security.web.header.HeaderWriterFilter@2059f785, org.springframework.web.filter.CorsFilter@460b77d6, org.springframework.security.web.csrf.CsrfFilter@437c1a87, org.springframework.security.web.authentication.logout.LogoutFilter@12bcf7c6, org.springframework.security.web.authentication.UsernamePasswordAuthenticationFilter@34f60be9, org.springframework.security.web.authentication.ui.DefaultLoginPageGeneratingFilter@22368ddc, org.springframework.security.web.authentication.ui.DefaultLogoutPageGeneratingFilter@6cb662e8, org.springframework.security.web.authentication.www.BasicAuthenticationFilter@17e6b7e4, org.springframework.security.web.savedrequest.RequestCacheAwareFilter@e5864c2, org.springframework.security.web.servletapi.SecurityContextHolderAwareRequestFilter@577cf459, org.springframework.security.web.authentication.AnonymousAuthenticationFilter@13f2d42c, org.springframework.security.web.access.ExceptionTranslationFilter@11069eac, org.springframework.security.web.access.intercept.AuthorizationFilter@205f52ea]
2026-08-24T16:46:25.009-04:00  INFO 28712 --- [tip-email-manager-service] [           main] o.s.b.t.m.w.SpringBootMockServletContext : Initializing Spring TestDispatcherServlet ''
2026-08-24T16:46:25.010-04:00  INFO 28712 --- [tip-email-manager-service] [           main] o.s.t.web.servlet.TestDispatcherServlet  : Initializing Servlet ''
2026-08-24T16:46:25.011-04:00  INFO 28712 --- [tip-email-manager-service] [           main] o.s.t.web.servlet.TestDispatcherServlet  : Completed initialization in 1 ms
2026-08-24T16:46:25.040-04:00  INFO 28712 --- [tip-email-manager-service] [           main] c.f.t.e.c.DataConnectionControllerTest   : Started DataConnectionControllerTest in 3.431 seconds (process running for 4.62)
]]></system-out>
  </testcase>
  <testcase name="updateConnection_ValidPayload_Returns200Ok" classname="com.fdic.tip.emailmanager.controller.DataConnectionControllerTest" time="0.016"/>
  <testcase name="createConnection_ValidPayload_Returns201Created" classname="com.fdic.tip.emailmanager.controller.DataConnectionControllerTest" time="0.008"/>
  <testcase name="testConnection_DevProfileWithPassword_Success" classname="com.fdic.tip.emailmanager.controller.DataConnectionControllerTest" time="0.009"/>
  <testcase name="deleteConnection_Returns204NoContent" classname="com.fdic.tip.emailmanager.controller.DataConnectionControllerTest" time="0.011"/>
  <testcase name="createConnection_MissingName_Returns400BadRequest" classname="com.fdic.tip.emailmanager.controller.DataConnectionControllerTest" time="0.02">
    <system-out><![CDATA[2026-08-24T16:46:25.546-04:00  WARN 28712 --- [tip-email-manager-service] [           main] .w.s.m.s.DefaultHandlerExceptionResolver : Resolved [org.springframework.web.bind.MethodArgumentNotValidException: Validation failed for argument [0] in public org.springframework.http.ResponseEntity<com.fdic.tip.emailmanager.dto.DataConnectionDto> com.fdic.tip.emailmanager.controller.DataConnectionController.createConnection(com.fdic.tip.emailmanager.dto.DataConnectionDto,java.security.Principal): [Field error in object 'dataConnectionDto' on field 'name': rejected value []; codes [NotBlank.dataConnectionDto.name,NotBlank.name,NotBlank.java.lang.String,NotBlank]; arguments [org.springframework.context.support.DefaultMessageSourceResolvable: codes [dataConnectionDto.name,name]; arguments []; default message [name]]; default message [Connection Name is required.]] ]
]]></system-out>
  </testcase>
  <testcase name="getAllConnections_ReturnsList" classname="com.fdic.tip.emailmanager.controller.DataConnectionControllerTest" time="0.012"/>
  <testcase name="testConnection_SuccessfulConnection_Returns200Ok" classname="com.fdic.tip.emailmanager.controller.DataConnectionControllerTest" time="0.008"/>
</testsuite>